<?xml version="1.0" encoding="UTF-8"?>
<!-- Generated by org.testng.reporters.JUnitXMLReporter -->
<testsuite ignored="0" hostname="LAPTOP-SM0IGFP9" failures="0" tests="4" name="Default test" time="2.516" errors="0" timestamp="2024-08-13T23:42:30 IST">
  <testcase classname="DynamicJson" name="AddBook" time="1.891"/>
  <testcase classname="DynamicJson" name="AddBook" time="0.122"/>
  <testcase classname="DynamicJson" name="AddBook" time="0.129"/>
  <testcase classname="DynamicJson" name="DeleteBook" time="0.333"/>
</testsuite> <!-- Default test -->
