<?xml version="1.0" encoding="UTF-8"?>
<testng-results ignored="0" total="4" passed="4" failed="0" skipped="0">
  <reporter-output>
  </reporter-output>
  <suite started-at="2024-08-13T23:42:28 IST" name="Default suite" finished-at="2024-08-13T23:42:30 IST" duration-ms="2516">
    <groups>
    </groups>
    <test started-at="2024-08-13T23:42:28 IST" name="Default test" finished-at="2024-08-13T23:42:30 IST" duration-ms="2516">
      <class name="DynamicJson">
        <test-method signature="AddBook(java.lang.String,java.lang.String)[pri:0, instance:DynamicJson@6a400542]" started-at="2024-08-13T23:42:28 IST" name="AddBook" data-provider="BookData" finished-at="2024-08-13T23:42:30 IST" duration-ms="1891" status="PASS">
          <params>
            <param index="0">
              <value>
                <![CDATA[rrdy]]>
              </value>
            </param>
            <param index="1">
              <value>
                <![CDATA[9832]]>
              </value>
            </param>
          </params>
          <reporter-output>
          </reporter-output>
        </test-method> <!-- AddBook -->
        <test-method signature="AddBook(java.lang.String,java.lang.String)[pri:0, instance:DynamicJson@6a400542]" started-at="2024-08-13T23:42:30 IST" name="AddBook" data-provider="BookData" finished-at="2024-08-13T23:42:30 IST" duration-ms="122" status="PASS">
          <params>
            <param index="0">
              <value>
                <![CDATA[uuwdy]]>
              </value>
            </param>
            <param index="1">
              <value>
                <![CDATA[608]]>
              </value>
            </param>
          </params>
          <reporter-output>
          </reporter-output>
        </test-method> <!-- AddBook -->
        <test-method signature="AddBook(java.lang.String,java.lang.String)[pri:0, instance:DynamicJson@6a400542]" started-at="2024-08-13T23:42:30 IST" name="AddBook" data-provider="BookData" finished-at="2024-08-13T23:42:30 IST" duration-ms="129" status="PASS">
          <params>
            <param index="0">
              <value>
                <![CDATA[yuyw]]>
              </value>
            </param>
            <param index="1">
              <value>
                <![CDATA[863]]>
              </value>
            </param>
          </params>
          <reporter-output>
          </reporter-output>
        </test-method> <!-- AddBook -->
        <test-method signature="DeleteBook()[pri:0, instance:DynamicJson@6a400542]" started-at="2024-08-13T23:42:30 IST" name="DeleteBook" finished-at="2024-08-13T23:42:30 IST" duration-ms="333" status="PASS">
          <reporter-output>
          </reporter-output>
        </test-method> <!-- DeleteBook -->
      </class> <!-- DynamicJson -->
    </test> <!-- Default test -->
  </suite> <!-- Default suite -->
</testng-results>
